[16:23:36 CST 2020/09/18] [DEBG] (YUT/manager/menuManager.init.0:66) menu init success
[2020/09/18 16:23:37 CST] [DEBG] (YUT/manager/configManager.InitL4g:49) l4g start...
[2020/09/18 16:23:37 CST] [DEBG] (YUT/manager/authManager.(*authManager).Load:95) request url init sucess
[2020/09/18 16:23:37 CST] [DEBG] (main.main:90) api server start :8089
[2020/09/18 16:23:37 CST] [DEBG] (main.main:101) static server start: 9000
[2020/09/18 16:24:20 CST] [DEBG] (main.ApiMiddleware.func1:26) request ===> url:[/api/user/menulist] method:[POST] data:[]
2020/09/18 16:24:25 unmarshal httpvalues: &{admin e10adc3949ba59abbe56e057f20f883e} 
[2020/09/18 16:24:25 CST] [DEBG] (main.ApiMiddleware.func1:26) request ===> url:[/api/user/login] method:[POST] data:[password=e10adc3949ba59abbe56e057f20f883e&username=admin]
[2020/09/18 16:24:25 CST] [DEBG] (main.ApiMiddleware.func1:26) request ===> url:[/api/user/menulist] method:[POST] data:[]
[2020/09/18 16:24:32 CST] [WARN] (main.listenSignal:114) catch signal terminated 

[2020/09/18 16:24:33 CST] [INFO] (main.main.func1:33) defer close
[16:36:10 CST 2020/09/18] [DEBG] (YUT/manager/menuManager.init.0:66) menu init success
[2020/09/18 16:36:10 CST] [DEBG] (YUT/manager/configManager.InitL4g:49) l4g start...
[2020/09/18 16:36:10 CST] [DEBG] (YUT/manager/authManager.(*authManager).Load:95) request url init sucess
[2020/09/18 16:36:10 CST] [DEBG] (main.main:90) api server start :8089
[2020/09/18 16:36:10 CST] [DEBG] (main.main:101) static server start: 9000
[2020/09/18 16:36:51 CST] [WARN] (main.listenSignal:114) catch signal terminated 

[2020/09/18 16:36:52 CST] [INFO] (main.main.func1:33) defer close
[17:14:18 CST 2020/09/18] [DEBG] (YUT/manager/menuManager.init.0:66) menu init success
[2020/09/18 17:14:18 CST] [DEBG] (YUT/manager/configManager.InitL4g:49) l4g start...
[2020/09/18 17:14:18 CST] [DEBG] (YUT/manager/authManager.(*authManager).Load:95) request url init sucess
[2020/09/18 17:14:18 CST] [DEBG] (main.main:90) api server start :8089
[2020/09/18 17:14:18 CST] [DEBG] (main.main:101) static server start: 9000
[2020/09/18 17:14:30 CST] [DEBG] (main.ApiMiddleware.func1:26) request ===> url:[/api/user/logout] method:[POST] data:[]
2020/09/18 17:14:34 unmarshal httpvalues: &{admin e10adc3949ba59abbe56e057f20f883e} 
[2020/09/18 17:14:34 CST] [DEBG] (main.ApiMiddleware.func1:26) request ===> url:[/api/user/login] method:[POST] data:[password=e10adc3949ba59abbe56e057f20f883e&username=admin]
2020/09/18 17:14:39 unmarshal httpvalues: &{admin dd05b42765c27365a11d17d48990da51} 
[2020/09/18 17:14:39 CST] [DEBG] (main.ApiMiddleware.func1:26) request ===> url:[/api/user/login] method:[POST] data:[password=dd05b42765c27365a11d17d48990da51&username=admin]
[2020/09/18 17:14:39 CST] [DEBG] (main.ApiMiddleware.func1:26) request ===> url:[/api/user/menulist] method:[POST] data:[]
[2020/09/18 17:14:41 CST] [DEBG] (main.ApiMiddleware.func1:26) request ===> url:[/api/blog/user-categories] method:[POST] data:[]
2020/09/18 17:14:41 unmarshal httpvalues: &{1} 
[2020/09/18 17:14:41 CST] [DEBG] (main.ApiMiddleware.func1:26) request ===> url:[/api/blog/user-blogs-pagenate] method:[POST] data:[cur_page=1]
[2020/09/18 17:14:44 CST] [DEBG] (main.PubBlogMiddleware.func1:64) PubBlogMiddleware:%!(EXTRA string=1)
[2020/09/18 17:14:44 CST] [DEBG] (main.PubBlogMiddleware.func1:74) PubBlogMiddleware:%!(EXTRA string=1)
select C.*, D.`nickname` as nickname from (select A.*, B.`desc` as article_cls FROM (select * from t_blog where id=1) as A LEFT JOIN (select `category_id`,`desc`,`username` from t_blog_category) as B ON A.`category_id`=B.`category_id` WHERE B.`category_id` IS NOT NULL) as C JOIN (select `nickname`,`username` from t_user) as D ON C.`username`=D.`username`
[2020/09/18 17:14:50 CST] [DEBG] (main.PubBlogMiddleware.func1:64) PubBlogMiddleware:%!(EXTRA string=1)
[2020/09/18 17:14:50 CST] [DEBG] (main.PubBlogMiddleware.func1:74) PubBlogMiddleware:%!(EXTRA string=1)
select C.*, D.`nickname` as nickname from (select A.*, B.`desc` as article_cls FROM (select * from t_blog where id=1) as A LEFT JOIN (select `category_id`,`desc`,`username` from t_blog_category) as B ON A.`category_id`=B.`category_id` WHERE B.`category_id` IS NOT NULL) as C JOIN (select `nickname`,`username` from t_user) as D ON C.`username`=D.`username`
2020/09/18 17:14:53 unmarshal httpvalues: &{admin} 
[2020/09/18 17:18:24 CST] [DEBG] (main.ApiMiddleware.func1:26) request ===> url:[/api/user/logout] method:[POST] data:[]
[2020/09/18 17:18:25 CST] [DEBG] (main.PubBlogMiddleware.func1:64) PubBlogMiddleware:%!(EXTRA string=1)
[2020/09/18 17:18:25 CST] [DEBG] (main.PubBlogMiddleware.func1:74) PubBlogMiddleware:%!(EXTRA string=1)
select C.*, D.`nickname` as nickname from (select A.*, B.`desc` as article_cls FROM (select * from t_blog where id=1) as A LEFT JOIN (select `category_id`,`desc`,`username` from t_blog_category) as B ON A.`category_id`=B.`category_id` WHERE B.`category_id` IS NOT NULL) as C JOIN (select `nickname`,`username` from t_user) as D ON C.`username`=D.`username`
2020/09/18 17:18:42 unmarshal httpvalues: &{zhengjinwei 2538698032@qq.com dd05b42765c27365a11d17d48990da51 0} 
[2020/09/18 17:19:01 CST] [DEBG] (main.ApiMiddleware.func1:26) request ===> url:[/api/user/login] method:[POST] data:[password=dd05b42765c27365a11d17d48990da51&username=zhengjinwei]
2020/09/18 17:19:01 unmarshal httpvalues: &{zhengjinwei dd05b42765c27365a11d17d48990da51} 
[2020/09/18 17:19:01 CST] [DEBG] (main.ApiMiddleware.func1:26) request ===> url:[/api/user/menulist] method:[POST] data:[]
2020/09/18 17:19:04 unmarshal httpvalues: &{zhengjinwei} 
2020/09/18 17:19:04 unmarshal httpvalues: &{zhengjinwei} 
[2020/09/18 17:19:05 CST] [DEBG] (main.ApiMiddleware.func1:26) request ===> url:[/api/user/list] method:[POST] data:[]
[2020/09/18 17:19:05 CST] [DEBG] (main.ApiMiddleware.func1:26) request ===> url:[/api/global/grouplist] method:[POST] data:[]
[2020/09/18 17:19:13 CST] [DEBG] (main.ApiMiddleware.func1:26) request ===> url:[/api/user/reslist-pagenate] method:[POST] data:[cur_page=1&res_type=1]
2020/09/18 17:19:13 unmarshal httpvalues: &{1 1} 
[2020/09/18 17:19:16 CST] [DEBG] (main.ApiMiddleware.func1:26) request ===> url:[/api/blog/user-categories] method:[POST] data:[]
[2020/09/18 17:19:27 CST] [DEBG] (main.ApiMiddleware.func1:26) request ===> url:[/api/blog/add-category] method:[POST] data:[category=%E6%8A%80%E6%9C%AF]
2020/09/18 17:19:27 unmarshal httpvalues: &{技术} 
[2020/09/18 17:19:27 CST] [DEBG] (main.ApiMiddleware.func1:26) request ===> url:[/api/blog/user-categories] method:[POST] data:[]
2020/09/18 17:19:33 unmarshal httpvalues: &{啊啊啊啊 2 2 markdown editor} 
[2020/09/18 17:19:33 CST] [DEBG] (main.ApiMiddleware.func1:26) request ===> url:[/api/blog/new] method:[POST] data:[blog_name=%E5%95%8A%E5%95%8A%E5%95%8A%E5%95%8A&blog_type=2&category_id=2&content=markdown+editor]
[2020/09/18 17:19:35 CST] [DEBG] (main.ApiMiddleware.func1:26) request ===> url:[/api/blog/user-categories] method:[POST] data:[]
[2020/09/18 17:19:35 CST] [DEBG] (main.ApiMiddleware.func1:26) request ===> url:[/api/blog/user-blogs-pagenate] method:[POST] data:[cur_page=1]
2020/09/18 17:19:35 unmarshal httpvalues: &{1} 
[2020/09/18 17:19:36 CST] [DEBG] (main.ApiMiddleware.func1:26) request ===> url:[/api/blog/onekey-publish] method:[POST] data:[]
[2020/09/18 17:19:36 CST] [DEBG] (main.ApiMiddleware.func1:26) request ===> url:[/api/blog/user-blogs-pagenate] method:[POST] data:[cur_page=1]
2020/09/18 17:19:36 unmarshal httpvalues: &{1} 
[2020/09/18 17:19:37 CST] [DEBG] (main.PubBlogMiddleware.func1:64) PubBlogMiddleware:%!(EXTRA string=2)
[2020/09/18 17:19:37 CST] [DEBG] (main.PubBlogMiddleware.func1:74) PubBlogMiddleware:%!(EXTRA string=2)
select C.*, D.`nickname` as nickname from (select A.*, B.`desc` as article_cls FROM (select * from t_blog where id=2) as A LEFT JOIN (select `category_id`,`desc`,`username` from t_blog_category) as B ON A.`category_id`=B.`category_id` WHERE B.`category_id` IS NOT NULL) as C JOIN (select `nickname`,`username` from t_user) as D ON C.`username`=D.`username`
[2020/09/18 17:33:58 CST] [WARN] (main.listenSignal:114) catch signal terminated 

[2020/09/18 17:33:59 CST] [INFO] (main.main.func1:33) defer close
[17:44:29 CST 2020/09/18] [DEBG] (YUT/manager/menuManager.init.0:66) menu init success
[2020/09/18 17:44:29 CST] [DEBG] (YUT/manager/configManager.InitL4g:49) l4g start...
[2020/09/18 17:44:29 CST] [DEBG] (YUT/manager/authManager.(*authManager).Load:95) request url init sucess
[2020/09/18 17:44:29 CST] [DEBG] (main.main:90) api server start :8089
[2020/09/18 17:44:29 CST] [DEBG] (main.main:101) static server start: 9000
[2020/09/18 17:44:32 CST] [WARN] (main.listenSignal:114) catch signal interrupt 

[2020/09/18 17:44:33 CST] [INFO] (main.main.func1:33) defer close
[17:44:47 CST 2020/09/18] [DEBG] (YUT/manager/menuManager.init.0:66) menu init success
[2020/09/18 17:44:47 CST] [DEBG] (YUT/manager/configManager.InitL4g:49) l4g start...
[2020/09/18 17:44:47 CST] [DEBG] (YUT/manager/authManager.(*authManager).Load:95) request url init sucess
[2020/09/18 17:44:47 CST] [DEBG] (main.main:82) api server start :8089
[2020/09/18 17:44:47 CST] [DEBG] (main.main:93) static server start: 9000
[2020/09/18 17:45:02 CST] [DEBG] (main.PubBlogMiddleware.func1:64) PubBlogMiddleware:%!(EXTRA string=2)
[2020/09/18 17:45:02 CST] [DEBG] (main.PubBlogMiddleware.func1:74) PubBlogMiddleware:%!(EXTRA string=2)
select C.*, D.`nickname` as nickname from (select A.*, B.`desc` as article_cls FROM (select * from t_blog where id=2) as A LEFT JOIN (select `category_id`,`desc`,`username` from t_blog_category) as B ON A.`category_id`=B.`category_id` WHERE B.`category_id` IS NOT NULL) as C JOIN (select `nickname`,`username` from t_user) as D ON C.`username`=D.`username`
[2020/09/18 17:45:04 CST] [DEBG] (main.PubBlogMiddleware.func1:64) PubBlogMiddleware:%!(EXTRA string=2)
[2020/09/18 17:45:04 CST] [DEBG] (main.PubBlogMiddleware.func1:74) PubBlogMiddleware:%!(EXTRA string=2)
select C.*, D.`nickname` as nickname from (select A.*, B.`desc` as article_cls FROM (select * from t_blog where id=2) as A LEFT JOIN (select `category_id`,`desc`,`username` from t_blog_category) as B ON A.`category_id`=B.`category_id` WHERE B.`category_id` IS NOT NULL) as C JOIN (select `nickname`,`username` from t_user) as D ON C.`username`=D.`username`
[2020/09/18 17:45:05 CST] [DEBG] (main.PubBlogMiddleware.func1:64) PubBlogMiddleware:%!(EXTRA string=2)
[2020/09/18 17:45:05 CST] [DEBG] (main.PubBlogMiddleware.func1:74) PubBlogMiddleware:%!(EXTRA string=2)
select C.*, D.`nickname` as nickname from (select A.*, B.`desc` as article_cls FROM (select * from t_blog where id=2) as A LEFT JOIN (select `category_id`,`desc`,`username` from t_blog_category) as B ON A.`category_id`=B.`category_id` WHERE B.`category_id` IS NOT NULL) as C JOIN (select `nickname`,`username` from t_user) as D ON C.`username`=D.`username`
[2020/09/18 17:45:17 CST] [DEBG] (main.ApiMiddleware.func1:26) request ===> url:[/api/blog/user-categories] method:[POST] data:[]
[2020/09/18 17:45:17 CST] [DEBG] (main.ApiMiddleware.func1:26) request ===> url:[/api/blog/user-blogs-pagenate] method:[POST] data:[cur_page=1]
[2020/09/18 17:45:23 CST] [DEBG] (main.PubBlogMiddleware.func1:64) PubBlogMiddleware:%!(EXTRA string=2)
[2020/09/18 17:45:23 CST] [DEBG] (main.PubBlogMiddleware.func1:74) PubBlogMiddleware:%!(EXTRA string=2)
select C.*, D.`nickname` as nickname from (select A.*, B.`desc` as article_cls FROM (select * from t_blog where id=2) as A LEFT JOIN (select `category_id`,`desc`,`username` from t_blog_category) as B ON A.`category_id`=B.`category_id` WHERE B.`category_id` IS NOT NULL) as C JOIN (select `nickname`,`username` from t_user) as D ON C.`username`=D.`username`
[2020/09/18 17:45:34 CST] [DEBG] (main.ApiMiddleware.func1:26) request ===> url:[/api/user/login] method:[POST] data:[password=dd05b42765c27365a11d17d48990da51&username=admin]
2020/09/18 17:45:34 unmarshal httpvalues: &{admin dd05b42765c27365a11d17d48990da51} 
[2020/09/18 17:45:36 CST] [DEBG] (main.ApiMiddleware.func1:26) request ===> url:[/api/blog/user-categories] method:[POST] data:[]
[2020/09/18 17:45:36 CST] [DEBG] (main.ApiMiddleware.func1:26) request ===> url:[/api/blog/user-blogs-pagenate] method:[POST] data:[cur_page=1]
2020/09/18 17:45:36 unmarshal httpvalues: &{1} 
[2020/09/18 17:45:36 CST] [DEBG] (main.ApiMiddleware.func1:26) request ===> url:[/api/blog/user-categories] method:[POST] data:[]
[2020/09/18 17:45:38 CST] [DEBG] (main.PubBlogMiddleware.func1:64) PubBlogMiddleware:%!(EXTRA string=1)
[2020/09/18 17:45:38 CST] [DEBG] (main.PubBlogMiddleware.func1:74) PubBlogMiddleware:%!(EXTRA string=1)
select C.*, D.`nickname` as nickname from (select A.*, B.`desc` as article_cls FROM (select * from t_blog where id=1) as A LEFT JOIN (select `category_id`,`desc`,`username` from t_blog_category) as B ON A.`category_id`=B.`category_id` WHERE B.`category_id` IS NOT NULL) as C JOIN (select `nickname`,`username` from t_user) as D ON C.`username`=D.`username`
2020/09/18 17:45:50 unmarshal httpvalues: &{admin} 
[2020/09/18 17:46:14 CST] [DEBG] (main.PubBlogMiddleware.func1:64) PubBlogMiddleware:%!(EXTRA string=1)
[2020/09/18 17:46:14 CST] [DEBG] (main.PubBlogMiddleware.func1:74) PubBlogMiddleware:%!(EXTRA string=1)
select C.*, D.`nickname` as nickname from (select A.*, B.`desc` as article_cls FROM (select * from t_blog where id=1) as A LEFT JOIN (select `category_id`,`desc`,`username` from t_blog_category) as B ON A.`category_id`=B.`category_id` WHERE B.`category_id` IS NOT NULL) as C JOIN (select `nickname`,`username` from t_user) as D ON C.`username`=D.`username`
2020/09/18 17:46:22 unmarshal httpvalues: &{admin} 
2020/09/18 17:46:56 unmarshal httpvalues: &{admin} 
[2020/09/18 17:47:25 CST] [DEBG] (main.PubBlogMiddleware.func1:64) PubBlogMiddleware:%!(EXTRA string=1)
[2020/09/18 17:47:25 CST] [DEBG] (main.PubBlogMiddleware.func1:74) PubBlogMiddleware:%!(EXTRA string=1)
select C.*, D.`nickname` as nickname from (select A.*, B.`desc` as article_cls FROM (select * from t_blog where id=1) as A LEFT JOIN (select `category_id`,`desc`,`username` from t_blog_category) as B ON A.`category_id`=B.`category_id` WHERE B.`category_id` IS NOT NULL) as C JOIN (select `nickname`,`username` from t_user) as D ON C.`username`=D.`username`
[2020/09/18 17:48:24 CST] [DEBG] (main.ApiMiddleware.func1:26) request ===> url:[/api/blog/user-categories] method:[POST] data:[]
[2020/09/18 17:48:24 CST] [DEBG] (main.ApiMiddleware.func1:26) request ===> url:[/api/blog/user-blogs-pagenate] method:[POST] data:[cur_page=1]
2020/09/18 17:48:24 unmarshal httpvalues: &{1} 
[2020/09/18 17:48:25 CST] [DEBG] (main.PubBlogMiddleware.func1:64) PubBlogMiddleware:%!(EXTRA string=1)
[2020/09/18 17:48:25 CST] [DEBG] (main.PubBlogMiddleware.func1:74) PubBlogMiddleware:%!(EXTRA string=1)
select C.*, D.`nickname` as nickname from (select A.*, B.`desc` as article_cls FROM (select * from t_blog where id=1) as A LEFT JOIN (select `category_id`,`desc`,`username` from t_blog_category) as B ON A.`category_id`=B.`category_id` WHERE B.`category_id` IS NOT NULL) as C JOIN (select `nickname`,`username` from t_user) as D ON C.`username`=D.`username`
[2020/09/18 17:48:27 CST] [DEBG] (main.ApiMiddleware.func1:26) request ===> url:[/api/blog/user-categories] method:[POST] data:[]
[2020/09/18 17:48:27 CST] [DEBG] (main.ApiMiddleware.func1:26) request ===> url:[/api/blog/user-blogs-pagenate] method:[POST] data:[cur_page=1]
2020/09/18 17:48:27 unmarshal httpvalues: &{1} 
[2020/09/18 17:48:29 CST] [DEBG] (main.ApiMiddleware.func1:26) request ===> url:[/api/user/reslist-pagenate] method:[POST] data:[cur_page=1&res_type=1]
2020/09/18 17:48:29 unmarshal httpvalues: &{1 1} 
2020/09/18 17:48:36 unmarshal httpvalues: &{1 1} 
[2020/09/18 17:48:36 CST] [DEBG] (main.ApiMiddleware.func1:26) request ===> url:[/api/user/reslist-pagenate] method:[POST] data:[cur_page=1&res_type=1]
[2020/09/18 17:49:25 CST] [WARN] (main.listenSignal:106) catch signal terminated 

[17:49:40 CST 2020/09/18] [DEBG] (YUT/manager/menuManager.init.0:66) menu init success
[2020/09/18 17:49:40 CST] [DEBG] (YUT/manager/configManager.InitL4g:49) l4g start...
[2020/09/18 17:49:40 CST] [DEBG] (YUT/manager/authManager.(*authManager).Load:95) request url init sucess
[2020/09/18 17:49:40 CST] [DEBG] (main.main:82) api server start :8089
[2020/09/18 17:49:40 CST] [DEBG] (main.main:93) static server start: 9000
[2020/09/18 17:49:47 CST] [DEBG] (main.ApiMiddleware.func1:26) request ===> url:[/api/user/reslist-pagenate] method:[POST] data:[cur_page=1&res_type=1]
2020/09/18 17:49:52 unmarshal httpvalues: &{admin dd05b42765c27365a11d17d48990da51} 
[2020/09/18 17:49:52 CST] [DEBG] (main.ApiMiddleware.func1:26) request ===> url:[/api/user/login] method:[POST] data:[password=dd05b42765c27365a11d17d48990da51&username=admin]
[2020/09/18 17:49:52 CST] [DEBG] (main.ApiMiddleware.func1:26) request ===> url:[/api/user/reslist-pagenate] method:[POST] data:[cur_page=1&res_type=1]
2020/09/18 17:49:52 unmarshal httpvalues: &{1 1} 
[2020/09/18 17:51:10 CST] [WARN] (main.listenSignal:106) catch signal terminated 

[17:52:54 CST 2020/09/18] [DEBG] (YUT/manager/menuManager.init.0:66) menu init success
[2020/09/18 17:52:54 CST] [DEBG] (YUT/manager/configManager.InitL4g:49) l4g start...
[2020/09/18 17:52:54 CST] [DEBG] (YUT/manager/authManager.(*authManager).Load:95) request url init sucess
[2020/09/18 17:52:54 CST] [DEBG] (main.main:90) api server start :8089
[2020/09/18 17:52:54 CST] [DEBG] (main.main:101) static server start: 9000
[2020/09/18 17:53:00 CST] [DEBG] (main.ApiMiddleware.func1:26) request ===> url:[/api/user/reslist-pagenate] method:[POST] data:[cur_page=1&res_type=1]
2020/09/18 17:53:05 unmarshal httpvalues: &{admin dd05b42765c27365a11d17d48990da51} 
[2020/09/18 17:53:05 CST] [DEBG] (main.ApiMiddleware.func1:26) request ===> url:[/api/user/login] method:[POST] data:[password=dd05b42765c27365a11d17d48990da51&username=admin]
2020/09/18 17:53:05 unmarshal httpvalues: &{1 1} 
[2020/09/18 17:53:05 CST] [DEBG] (main.ApiMiddleware.func1:26) request ===> url:[/api/user/reslist-pagenate] method:[POST] data:[cur_page=1&res_type=1]
[2020/09/18 17:53:14 CST] [DEBG] (main.ApiMiddleware.func1:26) request ===> url:[/api/user/reslist-pagenate] method:[POST] data:[cur_page=1&res_type=1]
2020/09/18 17:53:14 unmarshal httpvalues: &{1 1} 
[2020/09/18 18:05:03 CST] [WARN] (main.listenSignal:114) catch signal terminated 

[2020/09/18 18:05:04 CST] [INFO] (main.main.func1:33) defer close
[18:19:54 CST 2020/09/18] [DEBG] (YUT/manager/menuManager.init.0:66) menu init success
[2020/09/18 18:19:54 CST] [DEBG] (YUT/manager/configManager.InitL4g:49) l4g start...
[2020/09/18 18:19:54 CST] [DEBG] (YUT/manager/authManager.(*authManager).Load:95) request url init sucess
[2020/09/18 18:19:54 CST] [DEBG] (main.main:90) api server start :8089
[2020/09/18 18:19:54 CST] [DEBG] (main.main:101) static server start: 9000
[2020/09/18 18:20:04 CST] [WARN] (main.listenSignal:114) catch signal terminated 

[2020/09/18 18:20:05 CST] [INFO] (main.main.func1:33) defer close
[18:20:12 CST 2020/09/18] [DEBG] (YUT/manager/menuManager.init.0:66) menu init success
[2020/09/18 18:20:12 CST] [DEBG] (YUT/manager/configManager.InitL4g:49) l4g start...
[2020/09/18 18:20:12 CST] [DEBG] (YUT/manager/authManager.(*authManager).Load:95) request url init sucess
[2020/09/18 18:20:12 CST] [DEBG] (main.main:90) api server start :8089
[2020/09/18 18:20:12 CST] [DEBG] (main.main:101) static server start: 9000
[2020/09/18 18:20:37 CST] [WARN] (main.listenSignal:114) catch signal interrupt 

[2020/09/18 18:20:38 CST] [INFO] (main.main.func1:33) defer close
[18:26:33 CST 2020/09/18] [DEBG] (YUT/manager/menuManager.init.0:66) menu init success
[2020/09/18 18:26:34 CST] [DEBG] (YUT/manager/configManager.InitL4g:49) l4g start...
[2020/09/18 18:26:34 CST] [DEBG] (YUT/manager/authManager.(*authManager).Load:95) request url init sucess
[2020/09/18 18:26:34 CST] [DEBG] (main.main:90) api server start :8089
[2020/09/18 18:26:34 CST] [DEBG] (main.main:101) static server start: 9000
[2020/09/18 18:30:34 CST] [WARN] (main.listenSignal:114) catch signal terminated 

[2020/09/18 18:30:35 CST] [INFO] (main.main.func1:33) defer close
[18:33:45 CST 2020/09/18] [DEBG] (YUT/manager/menuManager.init.0:66) menu init success
[2020/09/18 18:33:45 CST] [DEBG] (YUT/manager/configManager.InitL4g:49) l4g start...
[2020/09/18 18:33:45 CST] [DEBG] (YUT/manager/authManager.(*authManager).Load:95) request url init sucess
[2020/09/18 18:33:45 CST] [DEBG] (main.main:90) api server start :8089
[2020/09/18 18:33:45 CST] [DEBG] (main.main:101) static server start: 9000
2020/09/18 18:33:51 unmarshal httpvalues: &{admin dd05b42765c27365a11d17d48990da51} 
[2020/09/18 18:33:51 CST] [DEBG] (main.ApiMiddleware.func1:26) request ===> url:[/api/user/login] method:[POST] data:[password=dd05b42765c27365a11d17d48990da51&username=admin]
[2020/09/18 18:33:51 CST] [DEBG] (main.ApiMiddleware.func1:26) request ===> url:[/api/user/menulist] method:[POST] data:[]
[2020/09/21 09:25:04 CST] [DEBG] (main.ApiMiddleware.func1:26) request ===> url:[/api/blog/user-categories] method:[POST] data:[]
[2020/09/21 09:25:04 CST] [DEBG] (main.ApiMiddleware.func1:26) request ===> url:[/api/blog/user-blogs-pagenate] method:[POST] data:[cur_page=1]
2020/09/21 09:25:15 unmarshal httpvalues: &{admin e10adc3949ba59abbe56e057f20f883e} 
[2020/09/21 09:25:15 CST] [DEBG] (main.ApiMiddleware.func1:26) request ===> url:[/api/user/login] method:[POST] data:[password=e10adc3949ba59abbe56e057f20f883e&username=admin]
[mysql] 2020/09/21 09:25:15 packets.go:123: closing bad idle connection: connection reset by peer
2020/09/21 09:25:20 unmarshal httpvalues: &{admin dd05b42765c27365a11d17d48990da51} 
[2020/09/21 09:25:20 CST] [DEBG] (main.ApiMiddleware.func1:26) request ===> url:[/api/user/login] method:[POST] data:[password=dd05b42765c27365a11d17d48990da51&username=admin]
[2020/09/21 09:25:20 CST] [DEBG] (main.ApiMiddleware.func1:26) request ===> url:[/api/blog/user-categories] method:[POST] data:[]
[2020/09/21 09:25:20 CST] [DEBG] (main.ApiMiddleware.func1:26) request ===> url:[/api/blog/user-blogs-pagenate] method:[POST] data:[cur_page=1]
2020/09/21 09:25:20 unmarshal httpvalues: &{1} 
[2020/09/21 09:25:22 CST] [DEBG] (main.PubBlogMiddleware.func1:64) PubBlogMiddleware:%!(EXTRA string=1)
[2020/09/21 09:25:22 CST] [DEBG] (main.PubBlogMiddleware.func1:74) PubBlogMiddleware:%!(EXTRA string=1)
select C.*, D.`nickname` as nickname from (select A.*, B.`desc` as article_cls FROM (select * from t_blog where id=1) as A LEFT JOIN (select `category_id`,`desc`,`username` from t_blog_category) as B ON A.`category_id`=B.`category_id` WHERE B.`category_id` IS NOT NULL) as C JOIN (select `nickname`,`username` from t_user) as D ON C.`username`=D.`username`
2020/09/21 09:25:26 unmarshal httpvalues: &{admin} 
2020/09/21 09:25:28 unmarshal httpvalues: &{admin} 
2020/09/21 09:25:35 unmarshal httpvalues: &{admin} 
2020/09/21 09:26:24 unmarshal httpvalues: &{admin} 
2020/09/21 09:26:32 unmarshal httpvalues: &{admin} 
2020/09/21 09:45:59 unmarshal httpvalues: &{admin} 
2020/09/21 09:46:19 unmarshal httpvalues: &{admin} 
2020/09/21 10:44:18 unmarshal httpvalues: &{1 1} 
[2020/09/21 10:44:18 CST] [DEBG] (main.ApiMiddleware.func1:26) request ===> url:[/api/user/reslist-pagenate] method:[POST] data:[cur_page=1&res_type=1]
[2020/09/21 10:49:14 CST] [DEBG] (main.ApiMiddleware.func1:26) request ===> url:[/api/blog/user-categories] method:[POST] data:[]
[2020/09/21 10:49:14 CST] [DEBG] (main.ApiMiddleware.func1:26) request ===> url:[/api/blog/user-blogs-pagenate] method:[POST] data:[cur_page=1]
2020/09/21 10:49:14 unmarshal httpvalues: &{1} 
[2020/09/21 10:49:15 CST] [DEBG] (main.PubBlogMiddleware.func1:64) PubBlogMiddleware:%!(EXTRA string=1)
[2020/09/21 10:49:15 CST] [DEBG] (main.PubBlogMiddleware.func1:74) PubBlogMiddleware:%!(EXTRA string=1)
select C.*, D.`nickname` as nickname from (select A.*, B.`desc` as article_cls FROM (select * from t_blog where id=1) as A LEFT JOIN (select `category_id`,`desc`,`username` from t_blog_category) as B ON A.`category_id`=B.`category_id` WHERE B.`category_id` IS NOT NULL) as C JOIN (select `nickname`,`username` from t_user) as D ON C.`username`=D.`username`
2020/09/21 10:54:26 unmarshal httpvalues: &{admin} 
2020/09/21 10:54:28 unmarshal httpvalues: &{admin} 
[2020/09/21 11:45:26 CST] [DEBG] (main.ApiMiddleware.func1:26) request ===> url:[/api/v1/member/home] method:[GET] data:[]
[2020/09/21 11:45:26 CST] [DEBG] (main.ApiMiddleware.func1:26) request ===> url:[/api/v1/member/home] method:[GET] data:[]
[2020/09/23 16:38:56 CST] [DEBG] (main.ApiMiddleware.func1:26) request ===> url:[/api/user/menulist] method:[POST] data:[]
2020/09/23 16:39:02 unmarshal httpvalues: &{admin dd05b42765c27365a11d17d48990da51} 
[2020/09/23 16:39:02 CST] [DEBG] (main.ApiMiddleware.func1:26) request ===> url:[/api/user/login] method:[POST] data:[password=dd05b42765c27365a11d17d48990da51&username=admin]
[mysql] 2020/09/23 16:39:02 packets.go:123: closing bad idle connection: connection reset by peer
[2020/09/23 16:39:02 CST] [DEBG] (main.ApiMiddleware.func1:26) request ===> url:[/api/user/menulist] method:[POST] data:[]
[2020/09/24 19:01:42 CST] [WARN] (main.listenSignal:114) catch signal terminated 

[2020/09/24 19:01:43 CST] [EROR] (YUT/manager/mysqlManager.(*mysqlProxy).Close:34) close mysql error: bad connection 

[2020/09/24 19:01:43 CST] [INFO] (main.main.func1:33) defer close
[19:01:47 CST 2020/09/24] [DEBG] (YUT/manager/menuManager.init.0:66) menu init success
[2020/09/24 19:01:47 CST] [DEBG] (YUT/manager/configManager.InitL4g:49) l4g start...
[2020/09/24 19:01:47 CST] [DEBG] (YUT/manager/authManager.(*authManager).Load:95) request url init sucess
[2020/09/24 19:01:47 CST] [DEBG] (main.main:90) api server start :8089
[2020/09/24 19:01:47 CST] [DEBG] (main.main:101) static server start: 9000
[2020/09/24 19:03:12 CST] [DEBG] (main.ApiMiddleware.func1:26) request ===> url:[/api/user/menulist] method:[POST] data:[]
2020/09/24 19:07:31 unmarshal httpvalues: &{admin dd05b42765c27365a11d17d48990da51} 
[2020/09/24 19:07:31 CST] [DEBG] (main.ApiMiddleware.func1:26) request ===> url:[/api/user/login] method:[POST] data:[password=dd05b42765c27365a11d17d48990da51&username=admin]
[2020/09/24 19:07:31 CST] [DEBG] (main.ApiMiddleware.func1:26) request ===> url:[/api/user/menulist] method:[POST] data:[]
[2020/09/24 19:07:37 CST] [DEBG] (main.ApiMiddleware.func1:26) request ===> url:[/api/blog/user-categories] method:[POST] data:[]
[2020/09/24 19:07:37 CST] [DEBG] (main.ApiMiddleware.func1:26) request ===> url:[/api/blog/user-blogs-pagenate] method:[POST] data:[cur_page=1]
2020/09/24 19:07:37 unmarshal httpvalues: &{1} 
[2020/09/24 19:07:41 CST] [DEBG] (main.PubBlogMiddleware.func1:64) PubBlogMiddleware:%!(EXTRA string=1)
[2020/09/24 19:07:41 CST] [DEBG] (main.PubBlogMiddleware.func1:74) PubBlogMiddleware:%!(EXTRA string=1)
select C.*, D.`nickname` as nickname from (select A.*, B.`desc` as article_cls FROM (select * from t_blog where id=1) as A LEFT JOIN (select `category_id`,`desc`,`username` from t_blog_category) as B ON A.`category_id`=B.`category_id` WHERE B.`category_id` IS NOT NULL) as C JOIN (select `nickname`,`username` from t_user) as D ON C.`username`=D.`username`
2020/09/24 19:08:02 unmarshal httpvalues: &{admin} 
2020/09/24 19:08:36 unmarshal httpvalues: &{admin} 
2020/09/24 19:08:47 unmarshal httpvalues: &{admin} 
2020/09/24 19:08:49 unmarshal httpvalues: &{admin} 
2020/09/24 19:08:50 unmarshal httpvalues: &{admin} 
[2020/09/24 19:10:02 CST] [DEBG] (main.ApiMiddleware.func1:26) request ===> url:[/api/user/logout] method:[POST] data:[]
[2020/09/24 19:10:03 CST] [DEBG] (main.ApiMiddleware.func1:26) request ===> url:[/api/user/login] method:[POST] data:[password=dd05b42765c27365a11d17d48990da51&username=admin]
2020/09/24 19:10:03 unmarshal httpvalues: &{admin dd05b42765c27365a11d17d48990da51} 
[2020/09/24 19:10:03 CST] [DEBG] (main.ApiMiddleware.func1:26) request ===> url:[/api/user/menulist] method:[POST] data:[]
[2020/09/24 19:10:43 CST] [DEBG] (main.ApiMiddleware.func1:26) request ===> url:[/api/user/menulist] method:[POST] data:[]
[2020/09/24 19:10:49 CST] [DEBG] (main.ApiMiddleware.func1:26) request ===> url:[/api/global/authlist] method:[POST] data:[]
[2020/09/24 19:10:49 CST] [DEBG] (main.ApiMiddleware.func1:26) request ===> url:[/api/global/authlist] method:[POST] data:[]
[2020/09/24 19:10:49 CST] [DEBG] (main.ApiMiddleware.func1:26) request ===> url:[/api/global/group-detail-list] method:[POST] data:[]
[2020/09/24 19:14:03 CST] [DEBG] (main.ApiMiddleware.func1:26) request ===> url:[/api/blog/user-categories] method:[POST] data:[]
[2020/09/24 19:14:03 CST] [DEBG] (main.ApiMiddleware.func1:26) request ===> url:[/api/blog/user-blogs-pagenate] method:[POST] data:[cur_page=1]
2020/09/24 19:14:03 unmarshal httpvalues: &{1} 
[2020/09/24 19:14:05 CST] [DEBG] (main.PubBlogMiddleware.func1:64) PubBlogMiddleware:%!(EXTRA string=1)
[2020/09/24 19:14:05 CST] [DEBG] (main.PubBlogMiddleware.func1:74) PubBlogMiddleware:%!(EXTRA string=1)
select C.*, D.`nickname` as nickname from (select A.*, B.`desc` as article_cls FROM (select * from t_blog where id=1) as A LEFT JOIN (select `category_id`,`desc`,`username` from t_blog_category) as B ON A.`category_id`=B.`category_id` WHERE B.`category_id` IS NOT NULL) as C JOIN (select `nickname`,`username` from t_user) as D ON C.`username`=D.`username`
2020/09/24 19:14:13 unmarshal httpvalues: &{admin} 
[2020/09/24 19:15:32 CST] [DEBG] (main.ApiMiddleware.func1:26) request ===> url:[/api/blog/user-categories] method:[POST] data:[]
[2020/09/24 19:17:35 CST] [DEBG] (main.ApiMiddleware.func1:26) request ===> url:[/api/blog/add-category] method:[POST] data:[category=%E6%96%87%E5%AD%A6]
2020/09/24 19:17:35 unmarshal httpvalues: &{文学} 
[2020/09/24 19:17:35 CST] [DEBG] (main.ApiMiddleware.func1:26) request ===> url:[/api/blog/user-categories] method:[POST] data:[]
[2020/09/24 19:17:41 CST] [DEBG] (main.ApiMiddleware.func1:26) request ===> url:[/api/blog/new] method:[POST] data:[blog_name=%E6%96%87%E8%89%BA&blog_type=2&category_id=3&content=%23+%E6%98%A5%E6%99%93%0A%23%23%23+%E6%98%A5%E7%9C%A0%E4%B8%8D%E8%A7%89%E6%99%93%0A%23%23%23+%E5%A4%84%E5%A4%84%E9%97%BB%E5%95%BC%E9%B8%9F%0A%23%23%23+%E5%A4%9C%E6%9D%A5%E9%A3%8E%E9%9B%A8%E5%A3%B0%0A%23%23%23+%E8%8A%B1%E8%90%BD%E7%9F%A5%E5%A4%9A%E5%B0%91]
2020/09/24 19:17:41 unmarshal httpvalues: &{文艺 2 3 # 春晓
### 春眠不觉晓
### 处处闻啼鸟
### 夜来风雨声
### 花落知多少} 
[2020/09/24 19:17:46 CST] [DEBG] (main.ApiMiddleware.func1:26) request ===> url:[/api/blog/user-categories] method:[POST] data:[]
[2020/09/24 19:17:46 CST] [DEBG] (main.ApiMiddleware.func1:26) request ===> url:[/api/blog/user-blogs-pagenate] method:[POST] data:[cur_page=1]
2020/09/24 19:17:46 unmarshal httpvalues: &{1} 
[2020/09/24 19:17:48 CST] [DEBG] (main.ApiMiddleware.func1:26) request ===> url:[/api/blog/onekey-publish] method:[POST] data:[]
[2020/09/24 19:17:49 CST] [DEBG] (main.ApiMiddleware.func1:26) request ===> url:[/api/blog/user-blogs-pagenate] method:[POST] data:[cur_page=1]
2020/09/24 19:17:49 unmarshal httpvalues: &{1} 
[2020/09/24 19:17:57 CST] [DEBG] (main.PubBlogMiddleware.func1:64) PubBlogMiddleware:%!(EXTRA string=3)
[2020/09/24 19:17:57 CST] [DEBG] (main.PubBlogMiddleware.func1:74) PubBlogMiddleware:%!(EXTRA string=3)
select C.*, D.`nickname` as nickname from (select A.*, B.`desc` as article_cls FROM (select * from t_blog where id=3) as A LEFT JOIN (select `category_id`,`desc`,`username` from t_blog_category) as B ON A.`category_id`=B.`category_id` WHERE B.`category_id` IS NOT NULL) as C JOIN (select `nickname`,`username` from t_user) as D ON C.`username`=D.`username`
[2020/09/24 19:18:01 CST] [DEBG] (main.ApiMiddleware.func1:26) request ===> url:[/api/blog/user-categories] method:[POST] data:[]
[2020/09/24 19:18:01 CST] [DEBG] (main.ApiMiddleware.func1:26) request ===> url:[/api/blog/user-blogs-pagenate] method:[POST] data:[cur_page=1]
2020/09/24 19:18:01 unmarshal httpvalues: &{1} 
[2020/09/24 19:18:19 CST] [DEBG] (main.ApiMiddleware.func1:26) request ===> url:[/api/blog/update] method:[POST] data:[blog_name=%E6%96%87%E8%89%BA&category_id=3&content=%23+%E6%98%A5%E6%99%93%0A%23%23%23+%E6%98%A5%E7%9C%A0%E4%B8%8D%E8%A7%89%E6%99%93%0A%23%23%23+%E5%A4%84%E5%A4%84%E9%97%BB%E5%95%BC%E9%B8%9F%0A%23%23%23+%E5%A4%9C%E6%9D%A5%E9%A3%8E%E9%9B%A8%E5%A3%B0%0A%23%23%23+%E8%8A%B1%E8%90%BD%E7%9F%A5%E5%A4%9A%E5%B0%91%60&id=3]
2020/09/24 19:18:19 unmarshal httpvalues: &{3 文艺 3 # 春晓
### 春眠不觉晓
### 处处闻啼鸟
### 夜来风雨声
### 花落知多少`} 
[2020/09/24 19:18:20 CST] [DEBG] (main.ApiMiddleware.func1:26) request ===> url:[/api/blog/user-blogs-pagenate] method:[POST] data:[cur_page=1]
2020/09/24 19:18:20 unmarshal httpvalues: &{1} 
[2020/09/24 19:19:01 CST] [DEBG] (main.PubBlogMiddleware.func1:64) PubBlogMiddleware:%!(EXTRA string=3)
[2020/09/24 19:19:01 CST] [DEBG] (main.PubBlogMiddleware.func1:74) PubBlogMiddleware:%!(EXTRA string=3)
select C.*, D.`nickname` as nickname from (select A.*, B.`desc` as article_cls FROM (select * from t_blog where id=3) as A LEFT JOIN (select `category_id`,`desc`,`username` from t_blog_category) as B ON A.`category_id`=B.`category_id` WHERE B.`category_id` IS NOT NULL) as C JOIN (select `nickname`,`username` from t_user) as D ON C.`username`=D.`username`
[2020/09/24 19:19:06 CST] [DEBG] (main.ApiMiddleware.func1:26) request ===> url:[/api/blog/user-categories] method:[POST] data:[]
[2020/09/24 19:19:06 CST] [DEBG] (main.ApiMiddleware.func1:26) request ===> url:[/api/blog/user-blogs-pagenate] method:[POST] data:[cur_page=1]
2020/09/24 19:19:06 unmarshal httpvalues: &{1} 
[2020/09/24 19:19:09 CST] [DEBG] (main.PubBlogMiddleware.func1:64) PubBlogMiddleware:%!(EXTRA string=1)
[2020/09/24 19:19:09 CST] [DEBG] (main.PubBlogMiddleware.func1:74) PubBlogMiddleware:%!(EXTRA string=1)
select C.*, D.`nickname` as nickname from (select A.*, B.`desc` as article_cls FROM (select * from t_blog where id=1) as A LEFT JOIN (select `category_id`,`desc`,`username` from t_blog_category) as B ON A.`category_id`=B.`category_id` WHERE B.`category_id` IS NOT NULL) as C JOIN (select `nickname`,`username` from t_user) as D ON C.`username`=D.`username`
2020/09/24 19:19:15 unmarshal httpvalues: &{1} 
[2020/09/24 19:19:15 CST] [DEBG] (main.ApiMiddleware.func1:26) request ===> url:[/api/blog/user-blogs-pagenate] method:[POST] data:[cur_page=1]
[2020/09/24 19:19:15 CST] [DEBG] (main.ApiMiddleware.func1:26) request ===> url:[/api/blog/user-categories] method:[POST] data:[]
[2020/09/24 19:19:18 CST] [DEBG] (main.PubBlogMiddleware.func1:64) PubBlogMiddleware:%!(EXTRA string=1)
[2020/09/24 19:19:18 CST] [DEBG] (main.PubBlogMiddleware.func1:74) PubBlogMiddleware:%!(EXTRA string=1)
select C.*, D.`nickname` as nickname from (select A.*, B.`desc` as article_cls FROM (select * from t_blog where id=1) as A LEFT JOIN (select `category_id`,`desc`,`username` from t_blog_category) as B ON A.`category_id`=B.`category_id` WHERE B.`category_id` IS NOT NULL) as C JOIN (select `nickname`,`username` from t_user) as D ON C.`username`=D.`username`
[2020/09/24 19:19:29 CST] [DEBG] (main.ApiMiddleware.func1:26) request ===> url:[/api/blog/user-blogs-pagenate] method:[POST] data:[cur_page=1]
2020/09/24 19:19:29 unmarshal httpvalues: &{1} 
[2020/09/24 19:19:29 CST] [DEBG] (main.ApiMiddleware.func1:26) request ===> url:[/api/blog/user-categories] method:[POST] data:[]
[2020/09/24 19:19:32 CST] [DEBG] (main.PubBlogMiddleware.func1:64) PubBlogMiddleware:%!(EXTRA string=3)
[2020/09/24 19:19:32 CST] [DEBG] (main.PubBlogMiddleware.func1:74) PubBlogMiddleware:%!(EXTRA string=3)
select C.*, D.`nickname` as nickname from (select A.*, B.`desc` as article_cls FROM (select * from t_blog where id=3) as A LEFT JOIN (select `category_id`,`desc`,`username` from t_blog_category) as B ON A.`category_id`=B.`category_id` WHERE B.`category_id` IS NOT NULL) as C JOIN (select `nickname`,`username` from t_user) as D ON C.`username`=D.`username`
[2020/09/24 19:20:38 CST] [DEBG] (main.ApiMiddleware.func1:26) request ===> url:[/api/blog/user-categories] method:[POST] data:[]
[2020/09/24 19:20:39 CST] [DEBG] (main.ApiMiddleware.func1:26) request ===> url:[/api/blog/user-blogs-pagenate] method:[POST] data:[cur_page=1]
2020/09/24 19:20:39 unmarshal httpvalues: &{1} 
[2020/09/24 19:20:40 CST] [DEBG] (main.ApiMiddleware.func1:26) request ===> url:[/api/blog/user-categories] method:[POST] data:[]
[2020/09/24 20:30:58 CST] [DEBG] (main.ApiMiddleware.func1:26) request ===> url:[/api/user/menulist] method:[POST] data:[]
[2020/09/24 20:31:15 CST] [DEBG] (main.ApiMiddleware.func1:26) request ===> url:[/api/user/menulist] method:[POST] data:[]
[2020/09/24 20:31:32 CST] [DEBG] (main.ApiMiddleware.func1:26) request ===> url:[/api/blog/user-categories] method:[POST] data:[]
2020/09/24 20:31:32 unmarshal httpvalues: &{1} 
[2020/09/24 20:31:32 CST] [DEBG] (main.ApiMiddleware.func1:26) request ===> url:[/api/blog/user-blogs-pagenate] method:[POST] data:[cur_page=1]
[2020/09/24 20:31:36 CST] [DEBG] (main.PubBlogMiddleware.func1:64) PubBlogMiddleware:%!(EXTRA string=3)
[2020/09/24 20:31:36 CST] [DEBG] (main.PubBlogMiddleware.func1:74) PubBlogMiddleware:%!(EXTRA string=3)
select C.*, D.`nickname` as nickname from (select A.*, B.`desc` as article_cls FROM (select * from t_blog where id=3) as A LEFT JOIN (select `category_id`,`desc`,`username` from t_blog_category) as B ON A.`category_id`=B.`category_id` WHERE B.`category_id` IS NOT NULL) as C JOIN (select `nickname`,`username` from t_user) as D ON C.`username`=D.`username`
[2020/09/24 20:31:42 CST] [DEBG] (main.ApiMiddleware.func1:26) request ===> url:[/api/blog/user-blogs-pagenate] method:[POST] data:[cur_page=1]
2020/09/24 20:31:42 unmarshal httpvalues: &{1} 
[2020/09/24 20:31:42 CST] [DEBG] (main.ApiMiddleware.func1:26) request ===> url:[/api/blog/user-categories] method:[POST] data:[]
[2020/09/24 20:31:44 CST] [DEBG] (main.PubBlogMiddleware.func1:64) PubBlogMiddleware:%!(EXTRA string=1)
[2020/09/24 20:31:44 CST] [DEBG] (main.PubBlogMiddleware.func1:74) PubBlogMiddleware:%!(EXTRA string=1)
select C.*, D.`nickname` as nickname from (select A.*, B.`desc` as article_cls FROM (select * from t_blog where id=1) as A LEFT JOIN (select `category_id`,`desc`,`username` from t_blog_category) as B ON A.`category_id`=B.`category_id` WHERE B.`category_id` IS NOT NULL) as C JOIN (select `nickname`,`username` from t_user) as D ON C.`username`=D.`username`
2020/09/24 20:32:05 unmarshal httpvalues: &{admin} 
[2020/09/24 20:32:11 CST] [DEBG] (main.ApiMiddleware.func1:26) request ===> url:[/api/blog/user-categories] method:[POST] data:[]
[2020/09/24 20:32:11 CST] [DEBG] (main.ApiMiddleware.func1:26) request ===> url:[/api/blog/user-blogs-pagenate] method:[POST] data:[cur_page=1]
2020/09/24 20:32:11 unmarshal httpvalues: &{1} 
[2020/09/24 22:34:40 CST] [DEBG] (main.ApiMiddleware.func1:26) request ===> url:[/api/user/menulist] method:[POST] data:[]
[2020/09/25 07:49:01 CST] [DEBG] (main.ApiMiddleware.func1:26) request ===> url:[/api/user/menulist] method:[POST] data:[]
2020/09/25 07:49:06 unmarshal httpvalues: &{1} 
[mysql] 2020/09/25 07:49:06 packets.go:123: closing bad idle connection: connection reset by peer
[2020/09/25 07:49:06 CST] [DEBG] (main.ApiMiddleware.func1:26) request ===> url:[/api/blog/user-categories] method:[POST] data:[]
[2020/09/25 07:49:06 CST] [DEBG] (main.ApiMiddleware.func1:26) request ===> url:[/api/blog/user-blogs-pagenate] method:[POST] data:[cur_page=1]
[2020/09/25 07:49:10 CST] [DEBG] (main.PubBlogMiddleware.func1:64) PubBlogMiddleware:%!(EXTRA string=1)
[2020/09/25 07:49:10 CST] [DEBG] (main.PubBlogMiddleware.func1:74) PubBlogMiddleware:%!(EXTRA string=1)
select C.*, D.`nickname` as nickname from (select A.*, B.`desc` as article_cls FROM (select * from t_blog where id=1) as A LEFT JOIN (select `category_id`,`desc`,`username` from t_blog_category) as B ON A.`category_id`=B.`category_id` WHERE B.`category_id` IS NOT NULL) as C JOIN (select `nickname`,`username` from t_user) as D ON C.`username`=D.`username`
[2020/09/25 08:05:09 CST] [DEBG] (main.ApiMiddleware.func1:26) request ===> url:[/api/user/logout] method:[POST] data:[]
[2020/09/25 08:05:10 CST] [DEBG] (main.PubBlogMiddleware.func1:64) PubBlogMiddleware:%!(EXTRA string=1)
[2020/09/25 08:05:10 CST] [DEBG] (main.PubBlogMiddleware.func1:74) PubBlogMiddleware:%!(EXTRA string=1)
select C.*, D.`nickname` as nickname from (select A.*, B.`desc` as article_cls FROM (select * from t_blog where id=1) as A LEFT JOIN (select `category_id`,`desc`,`username` from t_blog_category) as B ON A.`category_id`=B.`category_id` WHERE B.`category_id` IS NOT NULL) as C JOIN (select `nickname`,`username` from t_user) as D ON C.`username`=D.`username`
[2020/09/25 08:05:54 CST] [DEBG] (main.PubBlogMiddleware.func1:64) PubBlogMiddleware:%!(EXTRA string=1)
[2020/09/25 08:05:54 CST] [DEBG] (main.PubBlogMiddleware.func1:74) PubBlogMiddleware:%!(EXTRA string=1)
select C.*, D.`nickname` as nickname from (select A.*, B.`desc` as article_cls FROM (select * from t_blog where id=1) as A LEFT JOIN (select `category_id`,`desc`,`username` from t_blog_category) as B ON A.`category_id`=B.`category_id` WHERE B.`category_id` IS NOT NULL) as C JOIN (select `nickname`,`username` from t_user) as D ON C.`username`=D.`username`
[2020/09/25 08:06:08 CST] [DEBG] (main.ApiMiddleware.func1:26) request ===> url:[/api/user/login] method:[POST] data:[password=dd05b42765c27365a11d17d48990da51&username=admin]
2020/09/25 08:06:08 unmarshal httpvalues: &{admin dd05b42765c27365a11d17d48990da51} 
[2020/09/25 08:06:08 CST] [DEBG] (main.ApiMiddleware.func1:26) request ===> url:[/api/user/menulist] method:[POST] data:[]
[2020/09/25 08:06:17 CST] [DEBG] (main.ApiMiddleware.func1:26) request ===> url:[/api/user/logout] method:[POST] data:[]
[2020/09/25 08:06:44 CST] [DEBG] (main.ApiMiddleware.func1:26) request ===> url:[/api/user/login] method:[POST] data:[password=dd05b42765c27365a11d17d48990da51&username=admin]
2020/09/25 08:06:44 unmarshal httpvalues: &{admin dd05b42765c27365a11d17d48990da51} 
[2020/09/25 08:06:45 CST] [DEBG] (main.ApiMiddleware.func1:26) request ===> url:[/api/user/menulist] method:[POST] data:[]
[2020/09/26 13:28:17 CST] [DEBG] (main.ApiMiddleware.func1:26) request ===> url:[/api/user/menulist] method:[POST] data:[]
2020/09/27 18:04:16 unmarshal httpvalues: &{admin dd05b42765c27365a11d17d48990da51} 
[2020/09/27 18:04:16 CST] [DEBG] (main.ApiMiddleware.func1:26) request ===> url:[/api/user/login] method:[POST] data:[password=dd05b42765c27365a11d17d48990da51&username=admin]
[mysql] 2020/09/27 18:04:16 packets.go:123: closing bad idle connection: connection reset by peer
[2020/09/27 18:04:16 CST] [DEBG] (main.ApiMiddleware.func1:26) request ===> url:[/api/user/menulist] method:[POST] data:[]
[2020/09/27 18:04:18 CST] [DEBG] (main.ApiMiddleware.func1:26) request ===> url:[/api/blog/user-categories] method:[POST] data:[]
[2020/09/27 18:04:18 CST] [DEBG] (main.ApiMiddleware.func1:26) request ===> url:[/api/blog/user-blogs-pagenate] method:[POST] data:[cur_page=1]
2020/09/27 18:04:18 unmarshal httpvalues: &{1} 
[2020/09/27 18:04:21 CST] [DEBG] (main.PubBlogMiddleware.func1:64) PubBlogMiddleware:%!(EXTRA string=1)
[2020/09/27 18:04:21 CST] [DEBG] (main.PubBlogMiddleware.func1:74) PubBlogMiddleware:%!(EXTRA string=1)
select C.*, D.`nickname` as nickname from (select A.*, B.`desc` as article_cls FROM (select * from t_blog where id=1) as A LEFT JOIN (select `category_id`,`desc`,`username` from t_blog_category) as B ON A.`category_id`=B.`category_id` WHERE B.`category_id` IS NOT NULL) as C JOIN (select `nickname`,`username` from t_user) as D ON C.`username`=D.`username`
[2020/09/27 18:04:35 CST] [DEBG] (main.ApiMiddleware.func1:26) request ===> url:[/api/blog/user-categories] method:[POST] data:[]
2020/09/27 18:04:35 unmarshal httpvalues: &{1} 
[2020/09/27 18:04:35 CST] [DEBG] (main.ApiMiddleware.func1:26) request ===> url:[/api/blog/user-blogs-pagenate] method:[POST] data:[cur_page=1]
[2020/09/27 18:04:36 CST] [DEBG] (main.PubBlogMiddleware.func1:64) PubBlogMiddleware:%!(EXTRA string=3)
[2020/09/27 18:04:36 CST] [DEBG] (main.PubBlogMiddleware.func1:74) PubBlogMiddleware:%!(EXTRA string=3)
select C.*, D.`nickname` as nickname from (select A.*, B.`desc` as article_cls FROM (select * from t_blog where id=3) as A LEFT JOIN (select `category_id`,`desc`,`username` from t_blog_category) as B ON A.`category_id`=B.`category_id` WHERE B.`category_id` IS NOT NULL) as C JOIN (select `nickname`,`username` from t_user) as D ON C.`username`=D.`username`
2020/09/27 18:04:53 unmarshal httpvalues: &{admin} 
[2020/09/27 18:05:01 CST] [DEBG] (main.ApiMiddleware.func1:26) request ===> url:[/api/blog/user-categories] method:[POST] data:[]
[2020/09/27 18:05:32 CST] [DEBG] (main.ApiMiddleware.func1:26) request ===> url:[/api/blog/user-categories] method:[POST] data:[]
[2020/09/27 18:05:32 CST] [DEBG] (main.ApiMiddleware.func1:26) request ===> url:[/api/blog/user-blogs-pagenate] method:[POST] data:[cur_page=1]
2020/09/27 18:05:32 unmarshal httpvalues: &{1} 
[2020/09/27 18:05:34 CST] [DEBG] (main.PubBlogMiddleware.func1:64) PubBlogMiddleware:%!(EXTRA string=1)
[2020/09/27 18:05:34 CST] [DEBG] (main.PubBlogMiddleware.func1:74) PubBlogMiddleware:%!(EXTRA string=1)
select C.*, D.`nickname` as nickname from (select A.*, B.`desc` as article_cls FROM (select * from t_blog where id=1) as A LEFT JOIN (select `category_id`,`desc`,`username` from t_blog_category) as B ON A.`category_id`=B.`category_id` WHERE B.`category_id` IS NOT NULL) as C JOIN (select `nickname`,`username` from t_user) as D ON C.`username`=D.`username`
[2020/09/27 18:06:02 CST] [DEBG] (main.ApiMiddleware.func1:26) request ===> url:[/api/user/reslist-pagenate] method:[POST] data:[cur_page=1&res_type=1]
2020/09/27 18:06:02 unmarshal httpvalues: &{1 1} 
[2020/09/27 18:06:10 CST] [DEBG] (main.ApiMiddleware.func1:26) request ===> url:[/api/user/reslist-pagenate] method:[POST] data:[cur_page=2&res_type=1]
2020/09/27 18:06:10 unmarshal httpvalues: &{1 2} 
[2020/09/27 22:18:23 CST] [DEBG] (main.ApiMiddleware.func1:26) request ===> url:[/api/user/menulist] method:[POST] data:[]
2020/09/27 22:18:26 unmarshal httpvalues: &{admin} 
2020/09/27 22:18:26 unmarshal httpvalues: &{admin} 
[2020/09/27 22:18:41 CST] [DEBG] (main.ApiMiddleware.func1:26) request ===> url:[/api/global/grouplist] method:[POST] data:[]
2020/09/27 22:18:42 unmarshal httpvalues: &{admin} 
2020/09/27 22:18:42 unmarshal httpvalues: &{admin} 
[2020/09/27 22:18:54 CST] [DEBG] (main.ApiMiddleware.func1:26) request ===> url:[/api/user/reslist-pagenate] method:[POST] data:[cur_page=1&res_type=1]
2020/09/27 22:18:54 unmarshal httpvalues: &{1 1} 
[2020/09/27 22:21:44 CST] [DEBG] (main.ApiMiddleware.func1:26) request ===> url:[/api/user/menulist] method:[POST] data:[]
[2020/09/27 22:21:47 CST] [DEBG] (main.ApiMiddleware.func1:26) request ===> url:[/api/blog/user-categories] method:[POST] data:[]
2020/09/27 22:21:47 unmarshal httpvalues: &{1} 
[2020/09/27 22:21:47 CST] [DEBG] (main.ApiMiddleware.func1:26) request ===> url:[/api/blog/user-blogs-pagenate] method:[POST] data:[cur_page=1]
[2020/09/27 22:21:48 CST] [DEBG] (main.PubBlogMiddleware.func1:64) PubBlogMiddleware:%!(EXTRA string=1)
[2020/09/27 22:21:48 CST] [DEBG] (main.PubBlogMiddleware.func1:74) PubBlogMiddleware:%!(EXTRA string=1)
select C.*, D.`nickname` as nickname from (select A.*, B.`desc` as article_cls FROM (select * from t_blog where id=1) as A LEFT JOIN (select `category_id`,`desc`,`username` from t_blog_category) as B ON A.`category_id`=B.`category_id` WHERE B.`category_id` IS NOT NULL) as C JOIN (select `nickname`,`username` from t_user) as D ON C.`username`=D.`username`
2020/09/27 22:21:52 unmarshal httpvalues: &{admin} 
2020/09/27 22:22:11 unmarshal httpvalues: &{admin} 
[2020/10/02 16:54:44 CST] [DEBG] (main.ApiMiddleware.func1:26) request ===> url:[/api/user/menulist] method:[POST] data:[]
2020/10/02 16:54:50 unmarshal httpvalues: &{admin dd05b42765c27365a11d17d48990da51} 
[mysql] 2020/10/02 16:54:50 packets.go:123: closing bad idle connection: connection reset by peer
[2020/10/02 16:54:50 CST] [DEBG] (main.ApiMiddleware.func1:26) request ===> url:[/api/user/login] method:[POST] data:[password=dd05b42765c27365a11d17d48990da51&username=admin]
[2020/10/02 16:54:50 CST] [DEBG] (main.ApiMiddleware.func1:26) request ===> url:[/api/user/menulist] method:[POST] data:[]
[2020/10/02 16:54:52 CST] [DEBG] (main.ApiMiddleware.func1:26) request ===> url:[/api/blog/user-categories] method:[POST] data:[]
[2020/10/02 16:54:52 CST] [DEBG] (main.ApiMiddleware.func1:26) request ===> url:[/api/blog/user-blogs-pagenate] method:[POST] data:[cur_page=1]
2020/10/02 16:54:52 unmarshal httpvalues: &{1} 
[2020/10/02 16:54:53 CST] [DEBG] (main.PubBlogMiddleware.func1:64) PubBlogMiddleware:%!(EXTRA string=1)
[2020/10/02 16:54:53 CST] [DEBG] (main.PubBlogMiddleware.func1:74) PubBlogMiddleware:%!(EXTRA string=1)
select C.*, D.`nickname` as nickname from (select A.*, B.`desc` as article_cls FROM (select * from t_blog where id=1) as A LEFT JOIN (select `category_id`,`desc`,`username` from t_blog_category) as B ON A.`category_id`=B.`category_id` WHERE B.`category_id` IS NOT NULL) as C JOIN (select `nickname`,`username` from t_user) as D ON C.`username`=D.`username`
[2020/10/02 16:55:08 CST] [DEBG] (main.ApiMiddleware.func1:26) request ===> url:[/api/blog/user-blogs-pagenate] method:[POST] data:[cur_page=1]
2020/10/02 16:55:08 unmarshal httpvalues: &{1} 
[2020/10/02 16:55:08 CST] [DEBG] (main.ApiMiddleware.func1:26) request ===> url:[/api/blog/user-categories] method:[POST] data:[]
[2020/10/02 16:55:09 CST] [DEBG] (main.PubBlogMiddleware.func1:64) PubBlogMiddleware:%!(EXTRA string=3)
[2020/10/02 16:55:09 CST] [DEBG] (main.PubBlogMiddleware.func1:74) PubBlogMiddleware:%!(EXTRA string=3)
select C.*, D.`nickname` as nickname from (select A.*, B.`desc` as article_cls FROM (select * from t_blog where id=3) as A LEFT JOIN (select `category_id`,`desc`,`username` from t_blog_category) as B ON A.`category_id`=B.`category_id` WHERE B.`category_id` IS NOT NULL) as C JOIN (select `nickname`,`username` from t_user) as D ON C.`username`=D.`username`
2020/10/02 16:55:24 unmarshal httpvalues: &{admin} 
2020/10/02 16:55:38 unmarshal httpvalues: &{admin} 
[2020/10/02 17:02:52 CST] [WARN] (main.listenSignal:114) catch signal terminated 

[2020/10/02 17:02:53 CST] [INFO] (main.main.func1:33) defer close
